<?xml version="1.0" encoding="UTF-8"?>
<testng-results skipped="0" failed="0" ignored="0" total="1" passed="1">
  <reporter-output>
  </reporter-output>
  <suite name="Suite" duration-ms="12434" started-at="2017-01-24T08:17:12Z" finished-at="2017-01-24T08:17:25Z">
    <groups>
    </groups>
    <test name="Test" duration-ms="12434" started-at="2017-01-24T08:17:12Z" finished-at="2017-01-24T08:17:25Z">
      <class name="com.indusface.test.AssignmentTest">
        <test-method status="PASS" signature="launchBrowser()[pri:0, instance:com.indusface.test.AssignmentTest@f68f0dc]" name="launchBrowser" is-config="true" duration-ms="3265" started-at="2017-01-24T13:47:12Z" finished-at="2017-01-24T13:47:16Z">
          <reporter-output>
          </reporter-output>
        </test-method> <!-- launchBrowser -->
        <test-method status="PASS" signature="test()[pri:0, instance:com.indusface.test.AssignmentTest@f68f0dc]" name="test" duration-ms="6815" started-at="2017-01-24T13:47:16Z" finished-at="2017-01-24T13:47:23Z">
          <reporter-output>
          </reporter-output>
        </test-method> <!-- test -->
        <test-method status="PASS" signature="quiteBrowser()[pri:0, instance:com.indusface.test.AssignmentTest@f68f0dc]" name="quiteBrowser" is-config="true" duration-ms="2324" started-at="2017-01-24T13:47:23Z" finished-at="2017-01-24T13:47:25Z">
          <reporter-output>
          </reporter-output>
        </test-method> <!-- quiteBrowser -->
      </class> <!-- com.indusface.test.AssignmentTest -->
    </test> <!-- Test -->
  </suite> <!-- Suite -->
</testng-results>
